<?xml version="1.0" encoding="UTF-8"?>
<!-- Generated by org.testng.reporters.JUnitReportReporter -->
<testsuite skipped="0" hostname="Kinnu" name="testcases.LoginTest" tests="3" failures="0" timestamp="18 Jul 2017 23:12:03 GMT" time="0.002" errors="0">
  <testcase name="doLoginTest" time="0.001" classname="testcases.LoginTest"/>
  <testcase name="doLoginTest" time="0.000" classname="testcases.LoginTest"/>
  <testcase name="doLoginTest" time="0.001" classname="testcases.LoginTest"/>
</testsuite> <!-- testcases.LoginTest -->
